c:\users\alzahraa\source\repos\banksystemc++\banksystemc++\x64\debug\vc143.pdb
c:\users\alzahraa\source\repos\banksystemc++\banksystemc++\x64\debug\vc143.idb
c:\users\alzahraa\source\repos\banksystemc++\banksystemc++\x64\debug\validation.obj
c:\users\alzahraa\source\repos\banksystemc++\banksystemc++\x64\debug\client.obj
c:\users\alzahraa\source\repos\banksystemc++\banksystemc++\x64\debug\banksystemc++.obj
c:\users\alzahraa\source\repos\banksystemc++\banksystemc++\x64\debug\person.obj
c:\users\alzahraa\source\repos\banksystemc++\banksystemc++\x64\debug\employee.obj
c:\users\alzahraa\source\repos\banksystemc++\banksystemc++\x64\debug\admin.obj
c:\users\alzahraa\source\repos\banksystemc++\banksystemc++\x64\debug\parser.obj
c:\users\alzahraa\source\repos\banksystemc++\banksystemc++\x64\debug\filemanager.obj
c:\users\alzahraa\source\repos\banksystemc++\banksystemc++\x64\debug\datasourceinterface.obj
c:\users\alzahraa\source\repos\banksystemc++\banksystemc++\x64\debug\fileshelper.obj
c:\users\alzahraa\source\repos\banksystemc++\x64\debug\banksystemc++.exe
c:\users\alzahraa\source\repos\banksystemc++\x64\debug\banksystemc++.pdb
c:\users\alzahraa\source\repos\banksystemc++\banksystemc++\x64\debug\banksystemc++.ilk
c:\users\alzahraa\source\repos\banksystemc++\banksystemc++\x64\debug\banksystemc++.tlog\cl.command.1.tlog
c:\users\alzahraa\source\repos\banksystemc++\banksystemc++\x64\debug\banksystemc++.tlog\cl.items.tlog
c:\users\alzahraa\source\repos\banksystemc++\banksystemc++\x64\debug\banksystemc++.tlog\cl.read.1.tlog
c:\users\alzahraa\source\repos\banksystemc++\banksystemc++\x64\debug\banksystemc++.tlog\cl.write.1.tlog
c:\users\alzahraa\source\repos\banksystemc++\banksystemc++\x64\debug\banksystemc++.tlog\link.command.1.tlog
c:\users\alzahraa\source\repos\banksystemc++\banksystemc++\x64\debug\banksystemc++.tlog\link.read.1.tlog
c:\users\alzahraa\source\repos\banksystemc++\banksystemc++\x64\debug\banksystemc++.tlog\link.secondary.1.tlog
c:\users\alzahraa\source\repos\banksystemc++\banksystemc++\x64\debug\banksystemc++.tlog\link.write.1.tlog
